<?xml version="1.0" encoding="UTF-8"?>
<testsuite name="com.aor.numbers.PositiveFilterTest" tests="3" skipped="0" failures="0" errors="0" timestamp="2022-10-25T13:31:12" hostname="LAPTOP-FJJGB00Q" time="0.002">
  <properties/>
  <testcase name="positivefilter1()" classname="com.aor.numbers.PositiveFilterTest" time="0.0"/>
  <testcase name="positivefilter2()" classname="com.aor.numbers.PositiveFilterTest" time="0.001"/>
  <testcase name="positivefilter3()" classname="com.aor.numbers.PositiveFilterTest" time="0.001"/>
  <system-out><![CDATA[]]></system-out>
  <system-err><![CDATA[]]></system-err>
</testsuite>
