<?xml version="1.0" encoding="UTF-8"?>
<testsuite name="com.aor.numbers.ListAggregatorTest" tests="5" skipped="0" failures="0" errors="0" timestamp="2022-10-25T13:44:18" hostname="LAPTOP-FJJGB00Q" time="0.011">
  <properties/>
  <testcase name="max_bug_8726()" classname="com.aor.numbers.ListAggregatorTest" time="0.005"/>
  <testcase name="max()" classname="com.aor.numbers.ListAggregatorTest" time="0.0"/>
  <testcase name="min()" classname="com.aor.numbers.ListAggregatorTest" time="0.001"/>
  <testcase name="sum()" classname="com.aor.numbers.ListAggregatorTest" time="0.002"/>
  <testcase name="distinct()" classname="com.aor.numbers.ListAggregatorTest" time="0.001"/>
  <system-out><![CDATA[]]></system-out>
  <system-err><![CDATA[]]></system-err>
</testsuite>
