<?xml version="1.0" encoding="UTF-8"?>
<testsuite name="com.aor.numbers.DivisibleByFilterTest" tests="4" skipped="0" failures="0" errors="0" timestamp="2022-10-25T13:44:18" hostname="LAPTOP-FJJGB00Q" time="0.022">
  <properties/>
  <testcase name="divisibleby1()" classname="com.aor.numbers.DivisibleByFilterTest" time="0.018"/>
  <testcase name="divisibleby2()" classname="com.aor.numbers.DivisibleByFilterTest" time="0.001"/>
  <testcase name="divisibleby3()" classname="com.aor.numbers.DivisibleByFilterTest" time="0.001"/>
  <testcase name="divisibleby4()" classname="com.aor.numbers.DivisibleByFilterTest" time="0.0"/>
  <system-out><![CDATA[]]></system-out>
  <system-err><![CDATA[]]></system-err>
</testsuite>
