<?xml version="1.0" encoding="UTF-8"?>
<testsuite name="com.aor.numbers.ListFiltererTest" tests="1" skipped="0" failures="0" errors="0" timestamp="2022-10-25T13:31:12" hostname="LAPTOP-FJJGB00Q" time="0.016">
  <properties/>
  <testcase name="listfilterer()" classname="com.aor.numbers.ListFiltererTest" time="0.016"/>
  <system-out><![CDATA[]]></system-out>
  <system-err><![CDATA[]]></system-err>
</testsuite>
